<?xml version="1.0" encoding="UTF-8"?>
<!-- Generated by org.testng.reporters.JUnitReportReporter -->
<testsuite hostname="DESKTOP-UVLAPAT" failures="0" tests="1" name="testRunner.Runner" time="26.140" errors="0" timestamp="2023-01-17T15:16:03 IST" skipped="0">
  <testcase classname="testRunner.Runner" name="runScenario" time="26.140"/>
  <system-out/>
</testsuite> <!-- testRunner.Runner -->
